
    @ @ @   @       @     @ @     @ @ @     @ @ @ @  @ @ @    @ @ @
   @        @ @   @ @   @     @   @     @   @        @     @  @     @
   @        @   @   @  @       @  @      @  @        @     @  @     @
     @ @    @       @  @       @  @      @  @ @ @    @ @ @    @ @ @
         @  @       @  @       @  @      @  @        @   @    @
         @  @       @   @     @   @     @   @        @    @   @
    @ @ @   @       @     @ @     @ @ @     @ @ @ @  @     @  @

   \  \  /   / /    \   \  /   \  /    /     /        @ @ @   @ @ @
    \ _\/   /_/      \   \/     \/    /_____/        @     @  @     @
        \__/          \  /      _\___/                     @  @      @
            \____      \/      /                          @   @      @
                 \_____/______/                         @     @      @
                              \                       @       @     @
                               \____________________ @ @ @ @  @ @ @
Surface: 
	Rill flow: 
		ON 
Stream: 
	ON 
	Kinematic approach 
	D8 flow algorithm 
761.613626749
0.5
Subsurface: 
	OFF 
Save cumulative and maximum values from: 
	Surface 
Corrected time step is 20.0 [s] 
Hydrographs files has been created... 
